[0806/145043.156:ERROR:process_memory_win.cc(73)] ReadMemory at 0x2a4d84038d0 of 72 bytes failed: Only part of a ReadProcessMemory or WriteProcessMemory request was completed. (0x12B)
[0806/145043.160:WARNING:pe_image_annotations_reader.cc(134)] could not read annotations list object in C:\Program Files (x86)\BraveSoftware\Brave-Browser\Application\76.0.67.123\chrome_elf.dll
[0806/145043.161:ERROR:process_memory_win.cc(73)] ReadMemory at 0x2a4d8720000 of 64 bytes failed: Only part of a ReadProcessMemory or WriteProcessMemory request was completed. (0x12B)
[0806/145043.161:WARNING:pe_image_reader.cc(340)] could not read dos header from C:\WINDOWS\System32\RPCRT4.dll
[0806/145043.161:ERROR:process_memory_win.cc(73)] ReadMemory at 0x2a4d8bd2560 of 72 bytes failed: Only part of a ReadProcessMemory or WriteProcessMemory request was completed. (0x12B)
[0806/145043.161:WARNING:pe_image_annotations_reader.cc(134)] could not read annotations list object in C:\Program Files (x86)\BraveSoftware\Brave-Browser\Application\76.0.67.123\chrome_child.dll
[0806/145043.162:ERROR:process_memory_win.cc(73)] ReadMemory at 0x2a4d84038d0 of 72 bytes failed: Only part of a ReadProcessMemory or WriteProcessMemory request was completed. (0x12B)
[0806/145043.162:WARNING:pe_image_annotations_reader.cc(134)] could not read annotations list object in C:\Program Files (x86)\BraveSoftware\Brave-Browser\Application\76.0.67.123\chrome_elf.dll
[0806/145043.163:ERROR:process_memory_win.cc(73)] ReadMemory at 0x2a4d8720000 of 64 bytes failed: Only part of a ReadProcessMemory or WriteProcessMemory request was completed. (0x12B)
[0806/145043.163:WARNING:pe_image_reader.cc(340)] could not read dos header from C:\WINDOWS\System32\RPCRT4.dll
[0806/145043.163:ERROR:process_memory_win.cc(73)] ReadMemory at 0x2a4d8bd2560 of 72 bytes failed: Only part of a ReadProcessMemory or WriteProcessMemory request was completed. (0x12B)
[0806/145043.163:WARNING:pe_image_annotations_reader.cc(134)] could not read annotations list object in C:\Program Files (x86)\BraveSoftware\Brave-Browser\Application\76.0.67.123\chrome_child.dll
[0806/145043.181:ERROR:process_memory_win.cc(73)] ReadMemory at 0xe7aabf8000 of 32768 bytes failed: Only part of a ReadProcessMemory or WriteProcessMemory request was completed. (0x12B)
[0806/145043.181:ERROR:process_memory_win.cc(73)] ReadMemory at 0xe7aadfd000 of 12288 bytes failed: Only part of a ReadProcessMemory or WriteProcessMemory request was completed. (0x12B)
[0806/145043.181:ERROR:process_memory_win.cc(73)] ReadMemory at 0xe7ab1fc000 of 16384 bytes failed: Only part of a ReadProcessMemory or WriteProcessMemory request was completed. (0x12B)
[0806/145043.181:ERROR:process_memory_win.cc(73)] ReadMemory at 0xe7ab3fc000 of 16384 bytes failed: Only part of a ReadProcessMemory or WriteProcessMemory request was completed. (0x12B)
[0806/145043.182:ERROR:process_memory_win.cc(73)] ReadMemory at 0xe7ab5fe000 of 8192 bytes failed: Only part of a ReadProcessMemory or WriteProcessMemory request was completed. (0x12B)
[0806/145043.182:ERROR:process_memory_win.cc(73)] ReadMemory at 0xe7ab7fd000 of 12288 bytes failed: Only part of a ReadProcessMemory or WriteProcessMemory request was completed. (0x12B)
[0806/145043.182:ERROR:process_memory_win.cc(73)] ReadMemory at 0xe7ab9fb000 of 20480 bytes failed: Only part of a ReadProcessMemory or WriteProcessMemory request was completed. (0x12B)
[0806/145043.182:ERROR:process_memory_win.cc(73)] ReadMemory at 0xe7abdfd000 of 12288 bytes failed: Only part of a ReadProcessMemory or WriteProcessMemory request was completed. (0x12B)
[0806/145043.182:ERROR:process_memory_win.cc(73)] ReadMemory at 0xe7abffd000 of 12288 bytes failed: Only part of a ReadProcessMemory or WriteProcessMemory request was completed. (0x12B)
[0806/145043.182:ERROR:process_memory_win.cc(73)] ReadMemory at 0xe7ac1fd000 of 12288 bytes failed: Only part of a ReadProcessMemory or WriteProcessMemory request was completed. (0x12B)
[0806/145043.183:ERROR:process_memory_win.cc(73)] ReadMemory at 0xe7ac3fd000 of 12288 bytes failed: Only part of a ReadProcessMemory or WriteProcessMemory request was completed. (0x12B)
[0806/145043.183:ERROR:process_memory_win.cc(73)] ReadMemory at 0xe7ac5fd000 of 12288 bytes failed: Only part of a ReadProcessMemory or WriteProcessMemory request was completed. (0x12B)
[0806/145043.183:ERROR:process_memory_win.cc(73)] ReadMemory at 0xe7abbfd000 of 12288 bytes failed: Only part of a ReadProcessMemory or WriteProcessMemory request was completed. (0x12B)
[0806/145043.183:ERROR:process_memory_win.cc(73)] ReadMemory at 0xe7aaffd000 of 12288 bytes failed: Only part of a ReadProcessMemory or WriteProcessMemory request was completed. (0x12B)
[0806/145043.183:ERROR:process_memory_win.cc(73)] ReadMemory at 0xe7ac9fd000 of 12288 bytes failed: Only part of a ReadProcessMemory or WriteProcessMemory request was completed. (0x12B)
[0806/145043.184:ERROR:process_memory_win.cc(73)] ReadMemory at 0xe7acffd000 of 12288 bytes failed: Only part of a ReadProcessMemory or WriteProcessMemory request was completed. (0x12B)
[0806/145043.184:ERROR:process_memory_win.cc(73)] ReadMemory at 0xe7acbfd000 of 12288 bytes failed: Only part of a ReadProcessMemory or WriteProcessMemory request was completed. (0x12B)
[0806/145043.184:ERROR:process_memory_win.cc(73)] ReadMemory at 0xe7ac7fd000 of 12288 bytes failed: Only part of a ReadProcessMemory or WriteProcessMemory request was completed. (0x12B)
[0806/145043.184:ERROR:process_memory_win.cc(73)] ReadMemory at 0xe7acdfd000 of 12288 bytes failed: Only part of a ReadProcessMemory or WriteProcessMemory request was completed. (0x12B)
[0806/145043.184:ERROR:process_memory_win.cc(73)] ReadMemory at 0xe7aa883000 of 852 bytes failed: Only part of a ReadProcessMemory or WriteProcessMemory request was completed. (0x12B)
[0806/145043.184:ERROR:process_memory_win.cc(73)] ReadMemory at 0xe7aa884000 of 6024 bytes failed: Only part of a ReadProcessMemory or WriteProcessMemory request was completed. (0x12B)
[0806/145043.185:ERROR:process_memory_win.cc(73)] ReadMemory at 0xe7aa886000 of 6024 bytes failed: Only part of a ReadProcessMemory or WriteProcessMemory request was completed. (0x12B)
[0806/145043.185:ERROR:process_memory_win.cc(73)] ReadMemory at 0xe7aa88a000 of 6024 bytes failed: Only part of a ReadProcessMemory or WriteProcessMemory request was completed. (0x12B)
[0806/145043.185:ERROR:process_memory_win.cc(73)] ReadMemory at 0xe7aa88c000 of 6024 bytes failed: Only part of a ReadProcessMemory or WriteProcessMemory request was completed. (0x12B)
[0806/145043.185:ERROR:process_memory_win.cc(73)] ReadMemory at 0xe7aa88e000 of 6024 bytes failed: Only part of a ReadProcessMemory or WriteProcessMemory request was completed. (0x12B)
[0806/145043.185:ERROR:process_memory_win.cc(73)] ReadMemory at 0xe7aa890000 of 6024 bytes failed: Only part of a ReadProcessMemory or WriteProcessMemory request was completed. (0x12B)
[0806/145043.185:ERROR:process_memory_win.cc(73)] ReadMemory at 0xe7aa892000 of 6024 bytes failed: Only part of a ReadProcessMemory or WriteProcessMemory request was completed. (0x12B)
[0806/145043.185:ERROR:process_memory_win.cc(73)] ReadMemory at 0xe7aa896000 of 6024 bytes failed: Only part of a ReadProcessMemory or WriteProcessMemory request was completed. (0x12B)
[0806/145043.186:ERROR:process_memory_win.cc(73)] ReadMemory at 0xe7aa898000 of 6024 bytes failed: Only part of a ReadProcessMemory or WriteProcessMemory request was completed. (0x12B)
[0806/145043.186:ERROR:process_memory_win.cc(73)] ReadMemory at 0xe7aa89a000 of 6024 bytes failed: Only part of a ReadProcessMemory or WriteProcessMemory request was completed. (0x12B)
[0806/145043.186:ERROR:process_memory_win.cc(73)] ReadMemory at 0xe7aa89c000 of 6024 bytes failed: Only part of a ReadProcessMemory or WriteProcessMemory request was completed. (0x12B)
[0806/145043.186:ERROR:process_memory_win.cc(73)] ReadMemory at 0xe7aa89e000 of 6024 bytes failed: Only part of a ReadProcessMemory or WriteProcessMemory request was completed. (0x12B)
[0806/145043.186:ERROR:process_memory_win.cc(73)] ReadMemory at 0xe7aa8d4000 of 6024 bytes failed: Only part of a ReadProcessMemory or WriteProcessMemory request was completed. (0x12B)
[0806/145043.186:ERROR:process_memory_win.cc(73)] ReadMemory at 0xe7aa8dc000 of 6024 bytes failed: Only part of a ReadProcessMemory or WriteProcessMemory request was completed. (0x12B)
[0806/145043.186:ERROR:process_memory_win.cc(73)] ReadMemory at 0xe7aa8e0000 of 6024 bytes failed: Only part of a ReadProcessMemory or WriteProcessMemory request was completed. (0x12B)
[0806/145043.186:ERROR:process_memory_win.cc(73)] ReadMemory at 0xe7aa8e4000 of 6024 bytes failed: Only part of a ReadProcessMemory or WriteProcessMemory request was completed. (0x12B)
[0806/145043.187:ERROR:process_memory_win.cc(73)] ReadMemory at 0xe7aa8e6000 of 6024 bytes failed: Only part of a ReadProcessMemory or WriteProcessMemory request was completed. (0x12B)
[0806/145043.187:ERROR:process_memory_win.cc(73)] ReadMemory at 0xe7aa8e8000 of 6024 bytes failed: Only part of a ReadProcessMemory or WriteProcessMemory request was completed. (0x12B)
[0806/145043.187:ERROR:process_memory_win.cc(73)] ReadMemory at 0xe7aa8ea000 of 6024 bytes failed: Only part of a ReadProcessMemory or WriteProcessMemory request was completed. (0x12B)
[0806/145043.187:ERROR:process_memory_win.cc(73)] ReadMemory at 0x2a4d8430000 of 384 bytes failed: Only part of a ReadProcessMemory or WriteProcessMemory request was completed. (0x12B)
[0806/145043.187:ERROR:process_memory_win.cc(73)] ReadMemory at 0x2a4d8430fe0 of 14888 bytes failed: Only part of a ReadProcessMemory or WriteProcessMemory request was completed. (0x12B)
[0806/145043.187:ERROR:process_memory_win.cc(73)] ReadMemory at 0x2a4d8434a10 of 1012 bytes failed: Only part of a ReadProcessMemory or WriteProcessMemory request was completed. (0x12B)
[0806/145043.188:ERROR:process_memory_win.cc(73)] ReadMemory at 0x2a4d8435058 of 144 bytes failed: Only part of a ReadProcessMemory or WriteProcessMemory request was completed. (0x12B)
[0806/145043.188:ERROR:process_memory_win.cc(73)] ReadMemory at 0x2a4d84350ea of 1382 bytes failed: Only part of a ReadProcessMemory or WriteProcessMemory request was completed. (0x12B)
[0806/145043.188:ERROR:process_memory_win.cc(73)] ReadMemory at 0x2a4d8435652 of 144 bytes failed: Only part of a ReadProcessMemory or WriteProcessMemory request was completed. (0x12B)
[0806/145043.188:ERROR:process_memory_win.cc(73)] ReadMemory at 0x2a4d84356e4 of 100 bytes failed: Only part of a ReadProcessMemory or WriteProcessMemory request was completed. (0x12B)
[0806/145043.188:ERROR:process_memory_win.cc(73)] ReadMemory at 0x2a4d8435760 of 58 bytes failed: Only part of a ReadProcessMemory or WriteProcessMemory request was completed. (0x12B)
[0806/145043.188:ERROR:process_memory_win.cc(73)] ReadMemory at 0x2a4d8435860 of 132 bytes failed: Only part of a ReadProcessMemory or WriteProcessMemory request was completed. (0x12B)
[0806/145043.188:ERROR:process_memory_win.cc(73)] ReadMemory at 0x2a4d84359f0 of 132 bytes failed: Only part of a ReadProcessMemory or WriteProcessMemory request was completed. (0x12B)
[0806/145043.188:ERROR:process_memory_win.cc(73)] ReadMemory at 0x2a4d8435bb0 of 150 bytes failed: Only part of a ReadProcessMemory or WriteProcessMemory request was completed. (0x12B)
[0806/145043.189:ERROR:process_memory_win.cc(73)] ReadMemory at 0x2a4d8435fa0 of 132 bytes failed: Only part of a ReadProcessMemory or WriteProcessMemory request was completed. (0x12B)
[0806/145043.189:ERROR:process_memory_win.cc(73)] ReadMemory at 0x2a4d8436130 of 64 bytes failed: Only part of a ReadProcessMemory or WriteProcessMemory request was completed. (0x12B)
[0806/145043.189:ERROR:process_memory_win.cc(73)] ReadMemory at 0x2a4d8436180 of 132 bytes failed: Only part of a ReadProcessMemory or WriteProcessMemory request was completed. (0x12B)
[0806/145043.190:ERROR:process_memory_win.cc(73)] ReadMemory at 0x2a4d8436300 of 132 bytes failed: Only part of a ReadProcessMemory or WriteProcessMemory request was completed. (0x12B)
[0806/145043.190:ERROR:process_memory_win.cc(73)] ReadMemory at 0x2a4d8436590 of 132 bytes failed: Only part of a ReadProcessMemory or WriteProcessMemory request was completed. (0x12B)
[0806/145043.190:ERROR:process_memory_win.cc(73)] ReadMemory at 0x2a4d8436720 of 68 bytes failed: Only part of a ReadProcessMemory or WriteProcessMemory request was completed. (0x12B)
[0806/145043.190:ERROR:process_memory_win.cc(73)] ReadMemory at 0x2a4d8437840 of 182 bytes failed: Only part of a ReadProcessMemory or WriteProcessMemory request was completed. (0x12B)
[0806/145043.190:ERROR:process_memory_win.cc(73)] ReadMemory at 0x2a4d8437920 of 132 bytes failed: Only part of a ReadProcessMemory or WriteProcessMemory request was completed. (0x12B)
[0806/145043.190:ERROR:process_memory_win.cc(73)] ReadMemory at 0x2a4d8437ab0 of 178 bytes failed: Only part of a ReadProcessMemory or WriteProcessMemory request was completed. (0x12B)
[0806/145043.191:ERROR:process_memory_win.cc(73)] ReadMemory at 0x2a4d8438a10 of 62 bytes failed: Only part of a ReadProcessMemory or WriteProcessMemory request was completed. (0x12B)
[0806/145043.191:ERROR:process_memory_win.cc(73)] ReadMemory at 0x2a4d8438b40 of 132 bytes failed: Only part of a ReadProcessMemory or WriteProcessMemory request was completed. (0x12B)
[0806/145043.191:ERROR:process_memory_win.cc(73)] ReadMemory at 0x2a4d8438cd0 of 60 bytes failed: Only part of a ReadProcessMemory or WriteProcessMemory request was completed. (0x12B)
[0806/145043.191:ERROR:process_memory_win.cc(73)] ReadMemory at 0x2a4d84396d4 of 512 bytes failed: Only part of a ReadProcessMemory or WriteProcessMemory request was completed. (0x12B)
[0806/145043.191:ERROR:process_memory_win.cc(73)] ReadMemory at 0x2a4d843ca40 of 132 bytes failed: Only part of a ReadProcessMemory or WriteProcessMemory request was completed. (0x12B)
[0806/145043.191:ERROR:process_memory_win.cc(73)] ReadMemory at 0x2a4d843cb70 of 132 bytes failed: Only part of a ReadProcessMemory or WriteProcessMemory request was completed. (0x12B)
[0806/145043.191:ERROR:process_memory_win.cc(73)] ReadMemory at 0x2a4d843cd00 of 80 bytes failed: Only part of a ReadProcessMemory or WriteProcessMemory request was completed. (0x12B)
[0806/145043.191:ERROR:process_memory_win.cc(73)] ReadMemory at 0x2a4d843cea0 of 64 bytes failed: Only part of a ReadProcessMemory or WriteProcessMemory request was completed. (0x12B)
[0806/145043.191:ERROR:process_memory_win.cc(73)] ReadMemory at 0x2a4d843cef0 of 64 bytes failed: Only part of a ReadProcessMemory or WriteProcessMemory request was completed. (0x12B)
[0806/145043.192:ERROR:process_memory_win.cc(73)] ReadMemory at 0x2a4d843cf40 of 62 bytes failed: Only part of a ReadProcessMemory or WriteProcessMemory request was completed. (0x12B)
[0806/145043.192:ERROR:process_memory_win.cc(73)] ReadMemory at 0x2a4d843cfe0 of 60 bytes failed: Only part of a ReadProcessMemory or WriteProcessMemory request was completed. (0x12B)
[0806/145043.192:ERROR:process_memory_win.cc(73)] ReadMemory at 0x2a4d843d0d0 of 66 bytes failed: Only part of a ReadProcessMemory or WriteProcessMemory request was completed. (0x12B)
[0806/145043.192:ERROR:process_memory_win.cc(73)] ReadMemory at 0x2a4d843d2b0 of 58 bytes failed: Only part of a ReadProcessMemory or WriteProcessMemory request was completed. (0x12B)
[0806/145043.192:ERROR:process_memory_win.cc(73)] ReadMemory at 0x2a4d843d300 of 60 bytes failed: Only part of a ReadProcessMemory or WriteProcessMemory request was completed. (0x12B)
[0806/145043.192:ERROR:process_memory_win.cc(73)] ReadMemory at 0x2a4d843d350 of 62 bytes failed: Only part of a ReadProcessMemory or WriteProcessMemory request was completed. (0x12B)
[0806/145043.192:ERROR:process_memory_win.cc(73)] ReadMemory at 0x2a4d843d3a0 of 64 bytes failed: Only part of a ReadProcessMemory or WriteProcessMemory request was completed. (0x12B)
[0806/145043.192:ERROR:process_memory_win.cc(73)] ReadMemory at 0x2a4d843dab0 of 132 bytes failed: Only part of a ReadProcessMemory or WriteProcessMemory request was completed. (0x12B)
[0806/145043.192:ERROR:process_memory_win.cc(73)] ReadMemory at 0x2a4d843dbe0 of 132 bytes failed: Only part of a ReadProcessMemory or WriteProcessMemory request was completed. (0x12B)
[0806/145043.192:ERROR:process_memory_win.cc(73)] ReadMemory at 0x2a4d843dd10 of 132 bytes failed: Only part of a ReadProcessMemory or WriteProcessMemory request was completed. (0x12B)
[0806/145043.192:ERROR:process_memory_win.cc(73)] ReadMemory at 0x2a4d843de40 of 132 bytes failed: Only part of a ReadProcessMemory or WriteProcessMemory request was completed. (0x12B)
[0806/145043.193:ERROR:process_memory_win.cc(73)] ReadMemory at 0x2a4d843df70 of 132 bytes failed: Only part of a ReadProcessMemory or WriteProcessMemory request was completed. (0x12B)
[0806/145043.193:ERROR:process_memory_win.cc(73)] ReadMemory at 0x2a4d843e0a0 of 132 bytes failed: Only part of a ReadProcessMemory or WriteProcessMemory request was completed. (0x12B)
[0806/145043.193:ERROR:process_memory_win.cc(73)] ReadMemory at 0x2a4d843e1d0 of 132 bytes failed: Only part of a ReadProcessMemory or WriteProcessMemory request was completed. (0x12B)
[0806/145043.193:ERROR:process_memory_win.cc(73)] ReadMemory at 0x2a4d843e300 of 132 bytes failed: Only part of a ReadProcessMemory or WriteProcessMemory request was completed. (0x12B)
[0806/145043.193:ERROR:process_memory_win.cc(73)] ReadMemory at 0x2a4d843e430 of 132 bytes failed: Only part of a ReadProcessMemory or WriteProcessMemory request was completed. (0x12B)
[0806/145043.193:ERROR:process_memory_win.cc(73)] ReadMemory at 0x2a4d843e560 of 132 bytes failed: Only part of a ReadProcessMemory or WriteProcessMemory request was completed. (0x12B)
[0806/145043.193:ERROR:process_memory_win.cc(73)] ReadMemory at 0x2a4d843e690 of 132 bytes failed: Only part of a ReadProcessMemory or WriteProcessMemory request was completed. (0x12B)
[0806/145043.193:ERROR:process_memory_win.cc(73)] ReadMemory at 0x2a4d843e8f0 of 132 bytes failed: Only part of a ReadProcessMemory or WriteProcessMemory request was completed. (0x12B)
[0806/145043.193:ERROR:process_memory_win.cc(73)] ReadMemory at 0x2a4d843f900 of 76 bytes failed: Only part of a ReadProcessMemory or WriteProcessMemory request was completed. (0x12B)
[0806/145043.193:ERROR:process_memory_win.cc(73)] ReadMemory at 0x2a4d84423b0 of 132 bytes failed: Only part of a ReadProcessMemory or WriteProcessMemory request was completed. (0x12B)
[0806/145043.193:ERROR:process_memory_win.cc(73)] ReadMemory at 0x2a4d8443d10 of 132 bytes failed: Only part of a ReadProcessMemory or WriteProcessMemory request was completed. (0x12B)
[0806/145043.193:ERROR:process_memory_win.cc(73)] ReadMemory at 0x2a4d8443e40 of 132 bytes failed: Only part of a ReadProcessMemory or WriteProcessMemory request was completed. (0x12B)
[0806/145043.194:ERROR:process_memory_win.cc(73)] ReadMemory at 0x2a4d8443f70 of 132 bytes failed: Only part of a ReadProcessMemory or WriteProcessMemory request was completed. (0x12B)
[0806/145043.194:ERROR:process_memory_win.cc(73)] ReadMemory at 0x2a4d8444d90 of 132 bytes failed: Only part of a ReadProcessMemory or WriteProcessMemory request was completed. (0x12B)
[0806/145043.194:ERROR:process_memory_win.cc(73)] ReadMemory at 0x2a4d8448130 of 132 bytes failed: Only part of a ReadProcessMemory or WriteProcessMemory request was completed. (0x12B)
[0806/145043.194:ERROR:process_memory_win.cc(73)] ReadMemory at 0x2a4d8448480 of 132 bytes failed: Only part of a ReadProcessMemory or WriteProcessMemory request was completed. (0x12B)
[0806/145043.194:ERROR:process_memory_win.cc(73)] ReadMemory at 0x2a4d844a7d0 of 54 bytes failed: Only part of a ReadProcessMemory or WriteProcessMemory request was completed. (0x12B)
[0806/145043.194:ERROR:process_memory_win.cc(73)] ReadMemory at 0x2a4d844b020 of 62 bytes failed: Only part of a ReadProcessMemory or WriteProcessMemory request was completed. (0x12B)
[0806/145043.194:ERROR:process_memory_win.cc(73)] ReadMemory at 0x2a4d844b070 of 64 bytes failed: Only part of a ReadProcessMemory or WriteProcessMemory request was completed. (0x12B)
[0806/145043.194:ERROR:process_memory_win.cc(73)] ReadMemory at 0x2a4d844b0c0 of 60 bytes failed: Only part of a ReadProcessMemory or WriteProcessMemory request was completed. (0x12B)
[0806/145043.194:ERROR:process_memory_win.cc(73)] ReadMemory at 0x2a4d844b110 of 60 bytes failed: Only part of a ReadProcessMemory or WriteProcessMemory request was completed. (0x12B)
[0806/145043.194:ERROR:process_memory_win.cc(73)] ReadMemory at 0x2a4d844b3e0 of 62 bytes failed: Only part of a ReadProcessMemory or WriteProcessMemory request was completed. (0x12B)
[0806/145043.194:ERROR:process_memory_win.cc(73)] ReadMemory at 0x2a4d844b570 of 60 bytes failed: Only part of a ReadProcessMemory or WriteProcessMemory request was completed. (0x12B)
[0806/145043.195:ERROR:process_memory_win.cc(73)] ReadMemory at 0x2a4d844b5c0 of 64 bytes failed: Only part of a ReadProcessMemory or WriteProcessMemory request was completed. (0x12B)
[0806/145043.195:ERROR:process_memory_win.cc(73)] ReadMemory at 0x2a4d844b610 of 64 bytes failed: Only part of a ReadProcessMemory or WriteProcessMemory request was completed. (0x12B)
[0806/145043.195:ERROR:process_memory_win.cc(73)] ReadMemory at 0x2a4d844b660 of 66 bytes failed: Only part of a ReadProcessMemory or WriteProcessMemory request was completed. (0x12B)
[0806/145043.195:ERROR:process_memory_win.cc(73)] ReadMemory at 0x2a4d844b750 of 58 bytes failed: Only part of a ReadProcessMemory or WriteProcessMemory request was completed. (0x12B)
[0806/145043.195:ERROR:process_memory_win.cc(73)] ReadMemory at 0x2a4d844b7a0 of 64 bytes failed: Only part of a ReadProcessMemory or WriteProcessMemory request was completed. (0x12B)
[0806/145043.195:ERROR:process_memory_win.cc(73)] ReadMemory at 0x2a4d844b7f0 of 62 bytes failed: Only part of a ReadProcessMemory or WriteProcessMemory request was completed. (0x12B)
[0806/145043.195:ERROR:process_memory_win.cc(73)] ReadMemory at 0x2a4d844b8e0 of 60 bytes failed: Only part of a ReadProcessMemory or WriteProcessMemory request was completed. (0x12B)
[0806/145043.195:ERROR:process_memory_win.cc(73)] ReadMemory at 0x2a4d844ba20 of 66 bytes failed: Only part of a ReadProcessMemory or WriteProcessMemory request was completed. (0x12B)
[0806/145043.195:ERROR:process_memory_win.cc(73)] ReadMemory at 0x2a4d844bbb0 of 62 bytes failed: Only part of a ReadProcessMemory or WriteProcessMemory request was completed. (0x12B)
[0806/145043.195:ERROR:process_memory_win.cc(73)] ReadMemory at 0x2a4d844bc50 of 58 bytes failed: Only part of a ReadProcessMemory or WriteProcessMemory request was completed. (0x12B)
[0806/145043.195:ERROR:process_memory_win.cc(73)] ReadMemory at 0x2a4d844bcf0 of 64 bytes failed: Only part of a ReadProcessMemory or WriteProcessMemory request was completed. (0x12B)
[0806/145043.195:ERROR:process_memory_win.cc(73)] ReadMemory at 0x2a4d844bd40 of 60 bytes failed: Only part of a ReadProcessMemory or WriteProcessMemory request was completed. (0x12B)
[0806/145043.195:ERROR:process_memory_win.cc(73)] ReadMemory at 0x2a4d844bd90 of 60 bytes failed: Only part of a ReadProcessMemory or WriteProcessMemory request was completed. (0x12B)
[0806/145043.196:ERROR:process_memory_win.cc(73)] ReadMemory at 0x2a4d844bde0 of 62 bytes failed: Only part of a ReadProcessMemory or WriteProcessMemory request was completed. (0x12B)
[0806/145043.196:ERROR:process_memory_win.cc(73)] ReadMemory at 0x2a4d844be30 of 62 bytes failed: Only part of a ReadProcessMemory or WriteProcessMemory request was completed. (0x12B)
[0806/145043.196:ERROR:process_memory_win.cc(73)] ReadMemory at 0x2a4d844bed0 of 62 bytes failed: Only part of a ReadProcessMemory or WriteProcessMemory request was completed. (0x12B)
[0806/145043.196:ERROR:process_memory_win.cc(73)] ReadMemory at 0x2a4d844bf20 of 62 bytes failed: Only part of a ReadProcessMemory or WriteProcessMemory request was completed. (0x12B)
[0806/145043.196:ERROR:process_memory_win.cc(73)] ReadMemory at 0x2a4d844c030 of 132 bytes failed: Only part of a ReadProcessMemory or WriteProcessMemory request was completed. (0x12B)
[0806/145043.196:ERROR:process_memory_win.cc(73)] ReadMemory at 0x2a4d844c160 of 132 bytes failed: Only part of a ReadProcessMemory or WriteProcessMemory request was completed. (0x12B)
[0806/145043.196:ERROR:process_memory_win.cc(73)] ReadMemory at 0x2a4d844c290 of 132 bytes failed: Only part of a ReadProcessMemory or WriteProcessMemory request was completed. (0x12B)
[0806/145043.196:ERROR:process_memory_win.cc(73)] ReadMemory at 0x2a4d844c3c0 of 132 bytes failed: Only part of a ReadProcessMemory or WriteProcessMemory request was completed. (0x12B)
[0806/145043.196:ERROR:process_memory_win.cc(73)] ReadMemory at 0x2a4d844c620 of 132 bytes failed: Only part of a ReadProcessMemory or WriteProcessMemory request was completed. (0x12B)
[0806/145043.196:ERROR:process_memory_win.cc(73)] ReadMemory at 0x2a4d844c750 of 132 bytes failed: Only part of a ReadProcessMemory or WriteProcessMemory request was completed. (0x12B)
[0806/145043.197:ERROR:process_memory_win.cc(73)] ReadMemory at 0x2a4d844c880 of 132 bytes failed: Only part of a ReadProcessMemory or WriteProcessMemory request was completed. (0x12B)
[0806/145043.197:ERROR:process_memory_win.cc(73)] ReadMemory at 0x2a4d844cc10 of 132 bytes failed: Only part of a ReadProcessMemory or WriteProcessMemory request was completed. (0x12B)
[0806/145043.197:ERROR:process_memory_win.cc(73)] ReadMemory at 0x2a4d844cfa0 of 132 bytes failed: Only part of a ReadProcessMemory or WriteProcessMemory request was completed. (0x12B)
[0806/145043.197:ERROR:process_memory_win.cc(73)] ReadMemory at 0x2a4d844d0d0 of 132 bytes failed: Only part of a ReadProcessMemory or WriteProcessMemory request was completed. (0x12B)
[0806/145043.197:ERROR:process_memory_win.cc(73)] ReadMemory at 0x2a4d844d200 of 132 bytes failed: Only part of a ReadProcessMemory or WriteProcessMemory request was completed. (0x12B)
[0806/145043.197:ERROR:process_memory_win.cc(73)] ReadMemory at 0x2a4d844d330 of 132 bytes failed: Only part of a ReadProcessMemory or WriteProcessMemory request was completed. (0x12B)
[0806/145043.197:ERROR:process_memory_win.cc(73)] ReadMemory at 0x2a4d844d590 of 132 bytes failed: Only part of a ReadProcessMemory or WriteProcessMemory request was completed. (0x12B)
[0806/145043.197:ERROR:process_memory_win.cc(73)] ReadMemory at 0x2a4d844d7f0 of 132 bytes failed: Only part of a ReadProcessMemory or WriteProcessMemory request was completed. (0x12B)
[0806/145043.197:ERROR:process_memory_win.cc(73)] ReadMemory at 0x2a4d844ff70 of 512 bytes failed: Only part of a ReadProcessMemory or WriteProcessMemory request was completed. (0x12B)
[0806/145043.197:ERROR:process_memory_win.cc(73)] ReadMemory at 0x2a4d8466ef0 of 512 bytes failed: Only part of a ReadProcessMemory or WriteProcessMemory request was completed. (0x12B)
[0806/145043.197:ERROR:process_memory_win.cc(73)] ReadMemory at 0x2a4d8bdd620 of 512 bytes failed: Only part of a ReadProcessMemory or WriteProcessMemory request was completed. (0x12B)
[0806/145043.197:ERROR:process_memory_win.cc(73)] ReadMemory at 0x2a4d8c0d870 of 512 bytes failed: Only part of a ReadProcessMemory or WriteProcessMemory request was completed. (0x12B)
[0806/145043.197:ERROR:process_memory_win.cc(73)] ReadMemory at 0x2a4d8c14650 of 512 bytes failed: Only part of a ReadProcessMemory or WriteProcessMemory request was completed. (0x12B)
[0806/145043.198:ERROR:process_memory_win.cc(73)] ReadMemory at 0x2a4d8c1d630 of 512 bytes failed: Only part of a ReadProcessMemory or WriteProcessMemory request was completed. (0x12B)
[0806/145043.198:ERROR:process_memory_win.cc(73)] ReadMemory at 0x2a4d8c32b10 of 712 bytes failed: Only part of a ReadProcessMemory or WriteProcessMemory request was completed. (0x12B)
[0806/145043.198:ERROR:process_memory_win.cc(73)] ReadMemory at 0x2a4dcb5fda0 of 512 bytes failed: Only part of a ReadProcessMemory or WriteProcessMemory request was completed. (0x12B)
[0806/145043.198:ERROR:process_memory_win.cc(73)] ReadMemory at 0x2a4dcb7c178 of 512 bytes failed: Only part of a ReadProcessMemory or WriteProcessMemory request was completed. (0x12B)
[0806/145043.198:ERROR:process_memory_win.cc(73)] ReadMemory at 0x2a4dcb7c568 of 512 bytes failed: Only part of a ReadProcessMemory or WriteProcessMemory request was completed. (0x12B)
[0806/145043.198:ERROR:process_memory_win.cc(73)] ReadMemory at 0x2a4dcb7ccb8 of 512 bytes failed: Only part of a ReadProcessMemory or WriteProcessMemory request was completed. (0x12B)
[0806/145043.198:ERROR:process_memory_win.cc(73)] ReadMemory at 0x2a4dcb7d138 of 944 bytes failed: Only part of a ReadProcessMemory or WriteProcessMemory request was completed. (0x12B)
[0806/145043.198:ERROR:process_memory_win.cc(73)] ReadMemory at 0x2a4dcb89fb0 of 512 bytes failed: Only part of a ReadProcessMemory or WriteProcessMemory request was completed. (0x12B)
[0806/145043.198:ERROR:process_memory_win.cc(73)] ReadMemory at 0x2a4dcba4180 of 512 bytes failed: Only part of a ReadProcessMemory or WriteProcessMemory request was completed. (0x12B)
[0806/145043.198:ERROR:process_memory_win.cc(73)] ReadMemory at 0x2a4dcbd31e0 of 512 bytes failed: Only part of a ReadProcessMemory or WriteProcessMemory request was completed. (0x12B)
[0806/145043.198:ERROR:process_memory_win.cc(73)] ReadMemory at 0x2a4dcf216a0 of 512 bytes failed: Only part of a ReadProcessMemory or WriteProcessMemory request was completed. (0x12B)
[0806/145043.199:ERROR:process_memory_win.cc(73)] ReadMemory at 0x2a4dd0c2cc0 of 512 bytes failed: Only part of a ReadProcessMemory or WriteProcessMemory request was completed. (0x12B)
[0806/145043.199:ERROR:process_memory_win.cc(73)] ReadMemory at 0x2a4dd148e70 of 512 bytes failed: Only part of a ReadProcessMemory or WriteProcessMemory request was completed. (0x12B)
[0806/145043.199:ERROR:process_memory_win.cc(73)] ReadMemory at 0x2a4dd154100 of 512 bytes failed: Only part of a ReadProcessMemory or WriteProcessMemory request was completed. (0x12B)
[0806/145043.199:ERROR:process_memory_win.cc(73)] ReadMemory at 0x2a4dd22e1d0 of 512 bytes failed: Only part of a ReadProcessMemory or WriteProcessMemory request was completed. (0x12B)
[0806/145043.199:ERROR:process_memory_win.cc(73)] ReadMemory at 0x2a4dd22fb40 of 512 bytes failed: Only part of a ReadProcessMemory or WriteProcessMemory request was completed. (0x12B)
[0806/145043.199:ERROR:process_memory_win.cc(73)] ReadMemory at 0x2a4dd2990c0 of 512 bytes failed: Only part of a ReadProcessMemory or WriteProcessMemory request was completed. (0x12B)
[0806/145043.199:ERROR:process_memory_win.cc(73)] ReadMemory at 0x2a4dd58f740 of 512 bytes failed: Only part of a ReadProcessMemory or WriteProcessMemory request was completed. (0x12B)
[0806/145043.199:ERROR:process_memory_win.cc(73)] ReadMemory at 0x143598b1e338 of 512 bytes failed: Only part of a ReadProcessMemory or WriteProcessMemory request was completed. (0x12B)
[0806/145043.199:ERROR:process_memory_win.cc(73)] ReadMemory at 0x1785ca303348 of 512 bytes failed: Only part of a ReadProcessMemory or WriteProcessMemory request was completed. (0x12B)
[0806/145043.199:ERROR:process_memory_win.cc(73)] ReadMemory at 0x1fceff4246b8 of 512 bytes failed: Only part of a ReadProcessMemory or WriteProcessMemory request was completed. (0x12B)
[0806/145043.199:ERROR:process_memory_win.cc(73)] ReadMemory at 0x521c70689090 of 512 bytes failed: Only part of a ReadProcessMemory or WriteProcessMemory request was completed. (0x12B)
[0806/145043.199:ERROR:process_memory_win.cc(73)] ReadMemory at 0x521c706909b0 of 512 bytes failed: Only part of a ReadProcessMemory or WriteProcessMemory request was completed. (0x12B)
[0806/145043.200:ERROR:process_memory_win.cc(73)] ReadMemory at 0x7ff89e44deb0 of 512 bytes failed: Only part of a ReadProcessMemory or WriteProcessMemory request was completed. (0x12B)
[0806/145043.200:ERROR:process_memory_win.cc(73)] ReadMemory at 0x7ff89f77d89c of 512 bytes failed: Only part of a ReadProcessMemory or WriteProcessMemory request was completed. (0x12B)
[0806/145043.200:ERROR:process_memory_win.cc(73)] ReadMemory at 0x7ff8a278cd40 of 512 bytes failed: Only part of a ReadProcessMemory or WriteProcessMemory request was completed. (0x12B)
[0806/145043.200:ERROR:process_memory_win.cc(73)] ReadMemory at 0x7ff8f3e8b710 of 512 bytes failed: Only part of a ReadProcessMemory or WriteProcessMemory request was completed. (0x12B)
[0806/145043.200:ERROR:process_memory_win.cc(73)] ReadMemory at 0x7ff8f4c41f80 of 512 bytes failed: Only part of a ReadProcessMemory or WriteProcessMemory request was completed. (0x12B)
[0806/145043.200:ERROR:process_memory_win.cc(73)] ReadMemory at 0x7ff8f651c064 of 672 bytes failed: Only part of a ReadProcessMemory or WriteProcessMemory request was completed. (0x12B)
[0806/145043.200:ERROR:process_memory_win.cc(73)] ReadMemory at 0x7ff8f651c664 of 512 bytes failed: Only part of a ReadProcessMemory or WriteProcessMemory request was completed. (0x12B)
[0806/145043.200:ERROR:process_memory_win.cc(73)] ReadMemory at 0x7ff8f651f914 of 608 bytes failed: Only part of a ReadProcessMemory or WriteProcessMemory request was completed. (0x12B)
[0806/145043.200:ERROR:process_memory_win.cc(73)] ReadMemory at 0x7ff8f65ac418 of 18 bytes failed: Only part of a ReadProcessMemory or WriteProcessMemory request was completed. (0x12B)
[0806/145043.200:ERROR:process_memory_win.cc(73)] ReadMemory at 0x7ff8f65df4f8 of 40 bytes failed: Only part of a ReadProcessMemory or WriteProcessMemory request was completed. (0x12B)
[0806/145043.201:ERROR:process_memory_win.cc(73)] ReadMemory at 0x7ff8f65df978 of 48 bytes failed: Only part of a ReadProcessMemory or WriteProcessMemory request was completed. (0x12B)
[0806/145043.201:ERROR:process_memory_win.cc(73)] ReadMemory at 0x7ff8f65e53c0 of 64 bytes failed: Only part of a ReadProcessMemory or WriteProcessMemory request was completed. (0x12B)
[0806/145043.229:ERROR:scoped_process_suspend.cc(40)] NtResumeProcess: An attempt was made to access an exiting process. (0xc000010a)
